<?xml version="1.0" encoding="UTF-8"?>
<!-- Generated by org.testng.reporters.JUnitReportReporter -->
<testsuite hostname="DESKTOP-6DS52QF" failures="0" tests="1" name="screenshot.screenshots" time="29.067" errors="0" timestamp="2022-09-27T10:58:56 IST" skipped="0">
  <testcase classname="screenshot.screenshots" name="f" time="29.067"/>
  <system-out/>
</testsuite> <!-- screenshot.screenshots -->
