<?xml version="1.0" encoding="UTF-8"?>
<!-- Generated by org.testng.reporters.JUnitReportReporter -->
<testsuite hostname="DESKTOP-6DS52QF" failures="0" tests="1" name="testing.inputlist_webtesting.NewTest" time="10.553" errors="0" timestamp="2022-09-26T12:34:33 IST" skipped="0">
  <testcase classname="testing.inputlist_webtesting.NewTest" name="f" time="10.553"/>
  <system-out/>
</testsuite> <!-- testing.inputlist_webtesting.NewTest -->
