<?xml version="1.0" encoding="UTF-8"?>
<!-- Generated by org.testng.reporters.JUnitReportReporter -->
<testsuite hostname="DESKTOP-6DS52QF" failures="0" tests="1" name="testing.webtesting.NewTest" time="7.496" errors="0" timestamp="2022-09-26T12:10:43 IST" skipped="0">
  <testcase classname="testing.webtesting.NewTest" name="f" time="7.496"/>
  <system-out/>
</testsuite> <!-- testing.webtesting.NewTest -->
