<?xml version="1.0" encoding="UTF-8"?>
<!-- Generated by org.testng.reporters.JUnitReportReporter -->
<testsuite hostname="DESKTOP-6DS52QF" failures="0" tests="1" name="testing.NewTest" time="0.011" errors="0" timestamp="2022-09-26T11:09:20 IST" skipped="0">
  <testcase classname="testing.NewTest" name="f" time="0.011"/>
  <system-out/>
</testsuite> <!-- testing.NewTest -->
